\BOOKMARK [1][-]{section.1}{Introduction}{}% 1
\BOOKMARK [1][-]{section.2}{Question 1}{}% 2
\BOOKMARK [2][-]{subsection.2.1}{Part a}{section.2}% 3
\BOOKMARK [3][-]{subsubsection.2.1.1}{Introduction}{subsection.2.1}% 4
\BOOKMARK [3][-]{subsubsection.2.1.2}{Design}{subsection.2.1}% 5
\BOOKMARK [3][-]{subsubsection.2.1.3}{Testing}{subsection.2.1}% 6
\BOOKMARK [3][-]{subsubsection.2.1.4}{Results}{subsection.2.1}% 7
\BOOKMARK [2][-]{subsection.2.2}{Part b}{section.2}% 8
\BOOKMARK [3][-]{subsubsection.2.2.1}{Introduction}{subsection.2.2}% 9
\BOOKMARK [3][-]{subsubsection.2.2.2}{Rational}{subsection.2.2}% 10
\BOOKMARK [3][-]{subsubsection.2.2.3}{Design}{subsection.2.2}% 11
\BOOKMARK [3][-]{subsubsection.2.2.4}{Testing}{subsection.2.2}% 12
\BOOKMARK [3][-]{subsubsection.2.2.5}{Results}{subsection.2.2}% 13
\BOOKMARK [2][-]{subsection.2.3}{Part c}{section.2}% 14
\BOOKMARK [3][-]{subsubsection.2.3.1}{Introduction}{subsection.2.3}% 15
\BOOKMARK [3][-]{subsubsection.2.3.2}{Rational}{subsection.2.3}% 16
\BOOKMARK [3][-]{subsubsection.2.3.3}{Design}{subsection.2.3}% 17
\BOOKMARK [3][-]{subsubsection.2.3.4}{Testing}{subsection.2.3}% 18
\BOOKMARK [3][-]{subsubsection.2.3.5}{Results}{subsection.2.3}% 19
\BOOKMARK [2][-]{subsection.2.4}{Part d}{section.2}% 20
\BOOKMARK [3][-]{subsubsection.2.4.1}{Introduction}{subsection.2.4}% 21
\BOOKMARK [3][-]{subsubsection.2.4.2}{Rational}{subsection.2.4}% 22
\BOOKMARK [3][-]{subsubsection.2.4.3}{Design}{subsection.2.4}% 23
\BOOKMARK [3][-]{subsubsection.2.4.4}{Testing}{subsection.2.4}% 24
\BOOKMARK [3][-]{subsubsection.2.4.5}{Results}{subsection.2.4}% 25
\BOOKMARK [2][-]{subsection.2.5}{Part e}{section.2}% 26
\BOOKMARK [3][-]{subsubsection.2.5.1}{Introduction}{subsection.2.5}% 27
\BOOKMARK [3][-]{subsubsection.2.5.2}{Rational}{subsection.2.5}% 28
\BOOKMARK [3][-]{subsubsection.2.5.3}{Design}{subsection.2.5}% 29
\BOOKMARK [3][-]{subsubsection.2.5.4}{Testing}{subsection.2.5}% 30
\BOOKMARK [3][-]{subsubsection.2.5.5}{Results}{subsection.2.5}% 31
\BOOKMARK [1][-]{section.3}{Question 2}{}% 32
\BOOKMARK [2][-]{subsection.3.1}{Part a}{section.3}% 33
\BOOKMARK [3][-]{subsubsection.3.1.1}{Introduction}{subsection.3.1}% 34
\BOOKMARK [3][-]{subsubsection.3.1.2}{Rational}{subsection.3.1}% 35
\BOOKMARK [3][-]{subsubsection.3.1.3}{Design}{subsection.3.1}% 36
\BOOKMARK [3][-]{subsubsection.3.1.4}{Testing}{subsection.3.1}% 37
\BOOKMARK [3][-]{subsubsection.3.1.5}{Results}{subsection.3.1}% 38
\BOOKMARK [2][-]{subsection.3.2}{Part b}{section.3}% 39
\BOOKMARK [3][-]{subsubsection.3.2.1}{Introduction}{subsection.3.2}% 40
\BOOKMARK [3][-]{subsubsection.3.2.2}{Rational}{subsection.3.2}% 41
\BOOKMARK [3][-]{subsubsection.3.2.3}{Design}{subsection.3.2}% 42
\BOOKMARK [3][-]{subsubsection.3.2.4}{Testing}{subsection.3.2}% 43
\BOOKMARK [3][-]{subsubsection.3.2.5}{Results}{subsection.3.2}% 44
\BOOKMARK [1][-]{section.4}{Conclusion}{}% 45
